2026-02-01 - Application run failed
java.lang.IllegalStateException: java.lang.IllegalStateException: Logback configuration error detected: 
ERROR in ch.qos.logback.core.model.processor.ImplicitModelHandler - Could not create component [filter] of type [ch.qos.logback.classic] java.lang.ClassNotFoundException: ch.qos.logback.classic
	at org.springframework.boot.context.logging.LoggingApplicationListener.initializeSystem(LoggingApplicationListener.java:347)
	at org.springframework.boot.context.logging.LoggingApplicationListener.initialize(LoggingApplicationListener.java:298)
	at org.springframework.boot.context.logging.LoggingApplicationListener.onApplicationEnvironmentPreparedEvent(LoggingApplicationListener.java:246)
	at org.springframework.boot.context.logging.LoggingApplicationListener.onApplicationEvent(LoggingApplicationListener.java:223)
	at org.springframework.context.event.SimpleApplicationEventMulticaster.doInvokeListener(SimpleApplicationEventMulticaster.java:185)
	at org.springframework.context.event.SimpleApplicationEventMulticaster.invokeListener(SimpleApplicationEventMulticaster.java:178)
	at org.springframework.context.event.SimpleApplicationEventMulticaster.multicastEvent(SimpleApplicationEventMulticaster.java:156)
	at org.springframework.context.event.SimpleApplicationEventMulticaster.multicastEvent(SimpleApplicationEventMulticaster.java:138)
	at org.springframework.boot.context.event.EventPublishingRunListener.multicastInitialEvent(EventPublishingRunListener.java:136)
	at org.springframework.boot.context.event.EventPublishingRunListener.environmentPrepared(EventPublishingRunListener.java:81)
	at org.springframework.boot.SpringApplicationRunListeners.lambda$environmentPrepared$2(SpringApplicationRunListeners.java:64)
	at java.base/java.lang.Iterable.forEach(Iterable.java:75)
	at org.springframework.boot.SpringApplicationRunListeners.doWithListeners(SpringApplicationRunListeners.java:118)
	at org.springframework.boot.SpringApplicationRunListeners.doWithListeners(SpringApplicationRunListeners.java:112)
	at org.springframework.boot.SpringApplicationRunListeners.environmentPrepared(SpringApplicationRunListeners.java:63)
	at org.springframework.boot.SpringApplication.prepareEnvironment(SpringApplication.java:353)
	at org.springframework.boot.SpringApplication.run(SpringApplication.java:313)
	at org.springframework.boot.SpringApplication.run(SpringApplication.java:1361)
	at org.springframework.boot.SpringApplication.run(SpringApplication.java:1350)
	at com.ecom.project.EcomBackendApplication.main(EcomBackendApplication.java:10)
	at java.base/jdk.internal.reflect.NativeMethodAccessorImpl.invoke0(Native Method)
	at java.base/jdk.internal.reflect.NativeMethodAccessorImpl.invoke(NativeMethodAccessorImpl.java:77)
	at java.base/jdk.internal.reflect.DelegatingMethodAccessorImpl.invoke(DelegatingMethodAccessorImpl.java:43)
	at java.base/java.lang.reflect.Method.invoke(Method.java:568)
	at org.springframework.boot.devtools.restart.RestartLauncher.run(RestartLauncher.java:50)
Caused by: java.lang.IllegalStateException: Logback configuration error detected: 
ERROR in ch.qos.logback.core.model.processor.ImplicitModelHandler - Could not create component [filter] of type [ch.qos.logback.classic] java.lang.ClassNotFoundException: ch.qos.logback.classic
	at org.springframework.boot.logging.logback.LogbackLoggingSystem.reportConfigurationErrorsIfNecessary(LogbackLoggingSystem.java:291)
	at org.springframework.boot.logging.logback.LogbackLoggingSystem.loadConfiguration(LogbackLoggingSystem.java:269)
	at org.springframework.boot.logging.AbstractLoggingSystem.initializeWithConventions(AbstractLoggingSystem.java:81)
	at org.springframework.boot.logging.AbstractLoggingSystem.initialize(AbstractLoggingSystem.java:61)
	at org.springframework.boot.logging.logback.LogbackLoggingSystem.initialize(LogbackLoggingSystem.java:197)
	at org.springframework.boot.context.logging.LoggingApplicationListener.initializeSystem(LoggingApplicationListener.java:332)
	... 24 common frames omitted
	Suppressed: java.lang.ClassNotFoundException: ch.qos.logback.classic
		at java.base/jdk.internal.loader.BuiltinClassLoader.loadClass(BuiltinClassLoader.java:641)
		at java.base/jdk.internal.loader.ClassLoaders$AppClassLoader.loadClass(ClassLoaders.java:188)
		at java.base/java.lang.ClassLoader.loadClass(ClassLoader.java:520)
		at ch.qos.logback.core.util.Loader.loadClass(Loader.java:116)
		at ch.qos.logback.core.model.processor.ImplicitModelHandler.doComplex(ImplicitModelHandler.java:134)
		at ch.qos.logback.core.model.processor.ImplicitModelHandler.handle(ImplicitModelHandler.java:94)
		at ch.qos.logback.core.model.processor.DefaultProcessor.secondPhaseTraverse(DefaultProcessor.java:241)
		at ch.qos.logback.core.model.processor.DefaultProcessor.secondPhaseTraverse(DefaultProcessor.java:253)
		at ch.qos.logback.core.model.processor.DefaultProcessor.secondPhaseTraverse(DefaultProcessor.java:253)
		at ch.qos.logback.core.model.processor.DefaultProcessor.traversalLoop(DefaultProcessor.java:90)
		at ch.qos.logback.core.model.processor.DefaultProcessor.process(DefaultProcessor.java:106)
		at ch.qos.logback.core.joran.GenericXMLConfigurator.processModel(GenericXMLConfigurator.java:222)
		at org.springframework.boot.logging.logback.SpringBootJoranConfigurator.processModel(SpringBootJoranConfigurator.java:136)
		at ch.qos.logback.core.joran.GenericXMLConfigurator.doConfigure(GenericXMLConfigurator.java:178)
		at ch.qos.logback.core.joran.GenericXMLConfigurator.doConfigure(GenericXMLConfigurator.java:123)
		at ch.qos.logback.core.joran.GenericXMLConfigurator.doConfigure(GenericXMLConfigurator.java:66)
		at org.springframework.boot.logging.logback.LogbackLoggingSystem.configureByResourceUrl(LogbackLoggingSystem.java:300)
		at org.springframework.boot.logging.logback.LogbackLoggingSystem.lambda$loadConfiguration$2(LogbackLoggingSystem.java:262)
		at org.springframework.boot.logging.logback.LogbackLoggingSystem.withLoggingSuppressed(LogbackLoggingSystem.java:483)
		at org.springframework.boot.logging.logback.LogbackLoggingSystem.loadConfiguration(LogbackLoggingSystem.java:255)
		... 28 common frames omitted
2026-02-01 - HV000001: Hibernate Validator 8.0.2.Final
2026-02-01 - Starting EcomBackendApplication using Java 17.0.5 with PID 24184 (E:\Development\Dev Projects\FullStack\E-Commerce Application\ecom-backend\target\classes started by sapto in E:\Development\Dev Projects\FullStack\E-Commerce Application\ecom-backend)
2026-02-01 - No active profile set, falling back to 1 default profile: "default"
2026-02-01 - Devtools property defaults active! Set 'spring.devtools.add-properties' to 'false' to disable
2026-02-01 - For additional web related logging consider setting the 'logging.level.web' property to 'DEBUG'
2026-02-01 - Bootstrapping Spring Data JPA repositories in DEFAULT mode.
2026-02-01 - Finished Spring Data repository scanning in 39 ms. Found 2 JPA repository interfaces.
2026-02-01 - Tomcat initialized with port 8080 (http)
2026-02-01 - Initializing ProtocolHandler ["http-nio-8080"]
2026-02-01 - Starting service [Tomcat]
2026-02-01 - Starting Servlet engine: [Apache Tomcat/10.1.39]
2026-02-01 - Initializing Spring embedded WebApplicationContext
2026-02-01 - Root WebApplicationContext: initialization completed in 956 ms
2026-02-01 - HikariPool-1 - Starting...
2026-02-01 - HikariPool-1 - Added connection conn0: url=jdbc:h2:mem:testDb user=SA
2026-02-01 - HikariPool-1 - Start completed.
2026-02-01 - HHH000204: Processing PersistenceUnitInfo [name: default]
2026-02-01 - HHH000412: Hibernate ORM core version 6.6.11.Final
2026-02-01 - HHH000026: Second-level cache disabled
2026-02-01 - No LoadTimeWeaver setup: ignoring JPA class transformer
2026-02-01 - HHH10001005: Database info:
	Database JDBC URL [Connecting through datasource 'HikariDataSource (HikariPool-1)']
	Database driver: undefined/unknown
	Database version: 2.3.232
	Autocommit mode: undefined/unknown
	Isolation level: undefined/unknown
	Minimum pool size: undefined/unknown
	Maximum pool size: undefined/unknown
2026-02-01 - HHH000489: No JTA platform available (set 'hibernate.transaction.jta.platform' to enable JTA platform integration)
2026-02-01 - Initialized JPA EntityManagerFactory for persistence unit 'default'
2026-02-01 - spring.jpa.open-in-view is enabled by default. Therefore, database queries may be performed during view rendering. Explicitly configure spring.jpa.open-in-view to disable this warning
2026-02-01 - H2 console available at '/h2-console'. Database available at 'jdbc:h2:mem:testDb'
2026-02-01 - LiveReload server is running on port 35729
2026-02-01 - Starting ProtocolHandler ["http-nio-8080"]
2026-02-01 - Tomcat started on port 8080 (http) with context path '/'
2026-02-01 - Started EcomBackendApplication in 3.126 seconds (process running for 3.661)
2026-02-01 - Initializing Spring DispatcherServlet 'dispatcherServlet'
2026-02-01 - Initializing Servlet 'dispatcherServlet'
2026-02-01 - Completed initialization in 1 ms
2026-02-01 - Category creted - logging from controller
2026-02-01 - Restarting due to 1 class path change (0 additions, 0 deletions, 1 modification)
2026-02-01 - Commencing graceful shutdown. Waiting for active requests to complete
2026-02-01 - Pausing ProtocolHandler ["http-nio-8080"]
2026-02-01 - Graceful shutdown complete
2026-02-01 - Stopping ProtocolHandler ["http-nio-8080"]
2026-02-01 - Closing JPA EntityManagerFactory for persistence unit 'default'
2026-02-01 - Invocation of destroy method failed on bean with name 'inMemoryDatabaseShutdownExecutor': org.h2.jdbc.JdbcSQLNonTransientConnectionException: Database is already closed (to disable automatic closing at VM shutdown, add ";DB_CLOSE_ON_EXIT=FALSE" to the db URL) [90121-232]
2026-02-01 - HikariPool-1 - Shutdown initiated...
2026-02-01 - HikariPool-1 - Shutdown completed.
2026-02-01 - Starting EcomBackendApplication using Java 17.0.5 with PID 24184 (E:\Development\Dev Projects\FullStack\E-Commerce Application\ecom-backend\target\classes started by sapto in E:\Development\Dev Projects\FullStack\E-Commerce Application\ecom-backend)
2026-02-01 - No active profile set, falling back to 1 default profile: "default"
2026-02-01 - Bootstrapping Spring Data JPA repositories in DEFAULT mode.
2026-02-01 - Finished Spring Data repository scanning in 10 ms. Found 2 JPA repository interfaces.
2026-02-01 - Tomcat initialized with port 8080 (http)
2026-02-01 - Initializing ProtocolHandler ["http-nio-8080"]
2026-02-01 - Starting service [Tomcat]
2026-02-01 - Starting Servlet engine: [Apache Tomcat/10.1.39]
2026-02-01 - Initializing Spring embedded WebApplicationContext
2026-02-01 - Root WebApplicationContext: initialization completed in 230 ms
2026-02-01 - HikariPool-2 - Starting...
2026-02-01 - HikariPool-2 - Added connection conn10: url=jdbc:h2:mem:testDb user=SA
2026-02-01 - HikariPool-2 - Start completed.
2026-02-01 - HHH000204: Processing PersistenceUnitInfo [name: default]
2026-02-01 - HHH000026: Second-level cache disabled
2026-02-01 - No LoadTimeWeaver setup: ignoring JPA class transformer
2026-02-01 - HHH10001005: Database info:
	Database JDBC URL [Connecting through datasource 'HikariDataSource (HikariPool-2)']
	Database driver: undefined/unknown
	Database version: 2.3.232
	Autocommit mode: undefined/unknown
	Isolation level: undefined/unknown
	Minimum pool size: undefined/unknown
	Maximum pool size: undefined/unknown
2026-02-01 - HHH000489: No JTA platform available (set 'hibernate.transaction.jta.platform' to enable JTA platform integration)
2026-02-01 - Initialized JPA EntityManagerFactory for persistence unit 'default'
2026-02-01 - spring.jpa.open-in-view is enabled by default. Therefore, database queries may be performed during view rendering. Explicitly configure spring.jpa.open-in-view to disable this warning
2026-02-01 - H2 console available at '/h2-console'. Database available at 'jdbc:h2:mem:testDb'
2026-02-01 - LiveReload server is running on port 35729
2026-02-01 - Starting ProtocolHandler ["http-nio-8080"]
2026-02-01 - Tomcat started on port 8080 (http) with context path '/'
2026-02-01 - Started EcomBackendApplication in 0.5 seconds (process running for 1200.583)
2026-02-01 - Condition evaluation unchanged
2026-02-01 - Application shutdown requested.
2026-02-01 - Commencing graceful shutdown. Waiting for active requests to complete
2026-02-01 - Pausing ProtocolHandler ["http-nio-8080"]
2026-02-01 - Graceful shutdown complete
2026-02-01 - Stopping ProtocolHandler ["http-nio-8080"]
2026-02-01 - Closing JPA EntityManagerFactory for persistence unit 'default'
2026-02-01 - Invocation of destroy method failed on bean with name 'inMemoryDatabaseShutdownExecutor': org.h2.jdbc.JdbcSQLNonTransientConnectionException: Database is already closed (to disable automatic closing at VM shutdown, add ";DB_CLOSE_ON_EXIT=FALSE" to the db URL) [90121-232]
2026-02-01 - HikariPool-2 - Shutdown initiated...
2026-02-01 - HikariPool-2 - Shutdown completed.
