2026-02-02 - HV000001: Hibernate Validator 8.0.2.Final
2026-02-02 - Starting EcomBackendApplication using Java 17.0.5 with PID 27564 (E:\Development\Dev Projects\FullStack\E-Commerce Application\ecom-backend\target\classes started by sapto in E:\Development\Dev Projects\FullStack\E-Commerce Application\ecom-backend)
2026-02-02 - No active profile set, falling back to 1 default profile: "default"
2026-02-02 - Devtools property defaults active! Set 'spring.devtools.add-properties' to 'false' to disable
2026-02-02 - For additional web related logging consider setting the 'logging.level.web' property to 'DEBUG'
2026-02-02 - Bootstrapping Spring Data JPA repositories in DEFAULT mode.
2026-02-02 - Finished Spring Data repository scanning in 120 ms. Found 2 JPA repository interfaces.
2026-02-02 - Tomcat initialized with port 8080 (http)
2026-02-02 - Initializing ProtocolHandler ["http-nio-8080"]
2026-02-02 - Starting service [Tomcat]
2026-02-02 - Starting Servlet engine: [Apache Tomcat/10.1.39]
2026-02-02 - Initializing Spring embedded WebApplicationContext
2026-02-02 - Root WebApplicationContext: initialization completed in 2133 ms
2026-02-02 - HikariPool-1 - Starting...
2026-02-02 - HikariPool-1 - Added connection conn0: url=jdbc:h2:mem:testDb user=SA
2026-02-02 - HikariPool-1 - Start completed.
2026-02-02 - HHH000204: Processing PersistenceUnitInfo [name: default]
2026-02-02 - HHH000412: Hibernate ORM core version 6.6.11.Final
2026-02-02 - HHH000026: Second-level cache disabled
2026-02-02 - No LoadTimeWeaver setup: ignoring JPA class transformer
2026-02-02 - HHH10001005: Database info:
	Database JDBC URL [Connecting through datasource 'HikariDataSource (HikariPool-1)']
	Database driver: undefined/unknown
	Database version: 2.3.232
	Autocommit mode: undefined/unknown
	Isolation level: undefined/unknown
	Minimum pool size: undefined/unknown
	Maximum pool size: undefined/unknown
2026-02-02 - HHH000489: No JTA platform available (set 'hibernate.transaction.jta.platform' to enable JTA platform integration)
2026-02-02 - Initialized JPA EntityManagerFactory for persistence unit 'default'
2026-02-02 - spring.jpa.open-in-view is enabled by default. Therefore, database queries may be performed during view rendering. Explicitly configure spring.jpa.open-in-view to disable this warning
2026-02-02 - H2 console available at '/h2-console'. Database available at 'jdbc:h2:mem:testDb'
2026-02-02 - LiveReload server is running on port 35729
2026-02-02 - Starting ProtocolHandler ["http-nio-8080"]
2026-02-02 - Tomcat started on port 8080 (http) with context path '/'
2026-02-02 - Started EcomBackendApplication in 6.894 seconds (process running for 13.174)
2026-02-02 - Initializing Spring DispatcherServlet 'dispatcherServlet'
2026-02-02 - Initializing Servlet 'dispatcherServlet'
2026-02-02 - Completed initialization in 0 ms
2026-02-02 - Category creted - logging from controller
